<?xml version="1.0" encoding="UTF-8"?>
<testng-results skipped="0" failed="0" ignored="0" total="1" passed="1">
  <reporter-output>
  </reporter-output>
  <suite name="Default suite" duration-ms="110788" started-at="2018-08-18T18:43:48Z" finished-at="2018-08-18T18:45:38Z">
    <groups>
    </groups>
    <test name="Default test" duration-ms="110788" started-at="2018-08-18T18:43:48Z" finished-at="2018-08-18T18:45:38Z">
      <class name="gmailTest.Login">
        <test-method status="PASS" signature="method1()[pri:0, instance:gmailTest.Login@685cb137]" name="method1" duration-ms="110729" started-at="2018-08-19T00:13:48Z" finished-at="2018-08-19T00:15:38Z">
          <reporter-output>
          </reporter-output>
        </test-method> <!-- method1 -->
      </class> <!-- gmailTest.Login -->
    </test> <!-- Default test -->
  </suite> <!-- Default suite -->
</testng-results>
